# JRE version: OpenJDK Runtime Environment Temurin-21.0.8+9 (21.0.8+9) (build 21.0.8+9-LTS)
# Java VM: OpenJDK 64-Bit Server VM Temurin-21.0.8+9 (21.0.8+9-LTS, mixed mode, sharing, tiered, compressed oops, compressed class ptrs, g1 gc, windows-amd64)
GC Precious Log:
 CardTable entry size: 512
 Card Set container configuration: InlinePtr #cards 5 size 8 Array Of Cards #cards 12 size 40 Howl #buckets 4 coarsen threshold 1843 Howl Bitmap #cards 512 size 80 coarsen threshold 460 Card regions per heap region 1 cards per card region 2048
 CPUs: 8 total, 8 available
 Memory: 7975M
 Large Page Support: Disabled
 NUMA Support: Disabled
 Compressed Oops: Enabled (32-bit)
 Heap Region Size: 1M
 Heap Min Capacity: 8M
 Heap Initial Capacity: 126M
 Heap Max Capacity: 1994M
 Pre-touch: Disabled
 Parallel Workers: 8
 Concurrent Workers: 2
 Concurrent Refinement Workers: 8
 Periodic GC: Disabled
Heap:
 garbage-first heap   total 58368K, used 45734K [0x0000000083600000, 0x0000000100000000)
  region size 1024K, 16 young (16384K), 3 survivors (3072K)
 Metaspace       used 74035K, committed 74688K, reserved 1114112K
  class space    used 10088K, committed 10368K, reserved 1048576K
GC Heap History (20 events):
Event: 2.353 GC heap before
{Heap before GC invocations=6 (full 0):
 garbage-first heap   total 48128K, used 37224K [0x0000000083600000, 0x0000000100000000)
  region size 1024K, 22 young (22528K), 2 survivors (2048K)
 Metaspace       used 30036K, committed 30464K, reserved 1114112K
  class space    used 3898K, committed 4096K, reserved 1048576K
}
Event: 2.357 GC heap after
{Heap after GC invocations=7 (full 0):
 garbage-first heap   total 48128K, used 19421K [0x0000000083600000, 0x0000000100000000)
  region size 1024K, 3 young (3072K), 3 survivors (3072K)
 Metaspace       used 30036K, committed 30464K, reserved 1114112K
  class space    used 3898K, committed 4096K, reserved 1048576K
}
Event: 2.759 GC heap before
{Heap before GC invocations=7 (full 0):
 garbage-first heap   total 48128K, used 38877K [0x0000000083600000, 0x0000000100000000)
  region size 1024K, 23 young (23552K), 3 survivors (3072K)
 Metaspace       used 33878K, committed 34432K, reserved 1114112K
  class space    used 4403K, committed 4672K, reserved 1048576K
}
Event: 2.763 GC heap after
{Heap after GC invocations=8 (full 0):
 garbage-first heap   total 48128K, used 21735K [0x0000000083600000, 0x0000000100000000)
  region size 1024K, 3 young (3072K), 3 survivors (3072K)
 Metaspace       used 33878K, committed 34432K, reserved 1114112K
  class space    used 4403K, committed 4672K, reserved 1048576K
}
Event: 2.902 GC heap before
{Heap before GC invocations=8 (full 0):
 garbage-first heap   total 48128K, used 28903K [0x0000000083600000, 0x0000000100000000)
  region size 1024K, 11 young (11264K), 3 survivors (3072K)
 Metaspace       used 35399K, committed 35968K, reserved 1114112K
  class space    used 4591K, committed 4864K, reserved 1048576K
}
Event: 2.904 GC heap after
{Heap after GC invocations=9 (full 0):
 garbage-first heap   total 58368K, used 22678K [0x0000000083600000, 0x0000000100000000)
  region size 1024K, 1 young (1024K), 1 survivors (1024K)
 Metaspace       used 35399K, committed 35968K, reserved 1114112K
  class space    used 4591K, committed 4864K, reserved 1048576K
}
Event: 3.380 GC heap before
{Heap before GC invocations=10 (full 0):
 garbage-first heap   total 58368K, used 48278K [0x0000000083600000, 0x0000000100000000)
  region size 1024K, 26 young (26624K), 1 survivors (1024K)
 Metaspace       used 42317K, committed 42880K, reserved 1114112K
  class space    used 5652K, committed 5888K, reserved 1048576K
}
Event: 3.382 GC heap after
{Heap after GC invocations=11 (full 0):
 garbage-first heap   total 58368K, used 24316K [0x0000000083600000, 0x0000000100000000)
  region size 1024K, 3 young (3072K), 3 survivors (3072K)
 Metaspace       used 42317K, committed 42880K, reserved 1114112K
  class space    used 5652K, committed 5888K, reserved 1048576K
}
Event: 3.986 GC heap before
{Heap before GC invocations=11 (full 0):
 garbage-first heap   total 58368K, used 48892K [0x0000000083600000, 0x0000000100000000)
  region size 1024K, 27 young (27648K), 3 survivors (3072K)
 Metaspace       used 52459K, committed 52992K, reserved 1114112K
  class space    used 6906K, committed 7168K, reserved 1048576K
}
Event: 3.990 GC heap after
{Heap after GC invocations=12 (full 0):
 garbage-first heap   total 58368K, used 26219K [0x0000000083600000, 0x0000000100000000)
  region size 1024K, 4 young (4096K), 4 survivors (4096K)
 Metaspace       used 52459K, committed 52992K, reserved 1114112K
  class space    used 6906K, committed 7168K, reserved 1048576K
}
Event: 4.434 GC heap before
{Heap before GC invocations=12 (full 0):
 garbage-first heap   total 58368K, used 49771K [0x0000000083600000, 0x0000000100000000)
  region size 1024K, 27 young (27648K), 4 survivors (4096K)
 Metaspace       used 59228K, committed 59776K, reserved 1114112K
  class space    used 7809K, committed 8064K, reserved 1048576K
}
Event: 4.438 GC heap after
{Heap after GC invocations=13 (full 0):
 garbage-first heap   total 58368K, used 27774K [0x0000000083600000, 0x0000000100000000)
  region size 1024K, 2 young (2048K), 2 survivors (2048K)
 Metaspace       used 59228K, committed 59776K, reserved 1114112K
  class space    used 7809K, committed 8064K, reserved 1048576K
}
Event: 4.472 GC heap before
{Heap before GC invocations=13 (full 0):
 garbage-first heap   total 58368K, used 28798K [0x0000000083600000, 0x0000000100000000)
  region size 1024K, 4 young (4096K), 2 survivors (2048K)
 Metaspace       used 59644K, committed 60160K, reserved 1114112K
  class space    used 7893K, committed 8128K, reserved 1048576K
}
Event: 4.473 GC heap after
{Heap after GC invocations=14 (full 0):
 garbage-first heap   total 58368K, used 27658K [0x0000000083600000, 0x0000000100000000)
  region size 1024K, 2 young (2048K), 2 survivors (2048K)
 Metaspace       used 59644K, committed 60160K, reserved 1114112K
  class space    used 7893K, committed 8128K, reserved 1048576K
}
Event: 4.881 GC heap before
{Heap before GC invocations=15 (full 0):
 garbage-first heap   total 58368K, used 51210K [0x0000000083600000, 0x0000000100000000)
  region size 1024K, 25 young (25600K), 2 survivors (2048K)
 Metaspace       used 65206K, committed 65856K, reserved 1114112K
  class space    used 8804K, committed 9088K, reserved 1048576K
}
Event: 4.883 GC heap after
{Heap after GC invocations=16 (full 0):
 garbage-first heap   total 58368K, used 28781K [0x0000000083600000, 0x0000000100000000)
  region size 1024K, 3 young (3072K), 3 survivors (3072K)
 Metaspace       used 65206K, committed 65856K, reserved 1114112K
  class space    used 8804K, committed 9088K, reserved 1048576K
}
Event: 5.270 GC heap before
{Heap before GC invocations=16 (full 0):
 garbage-first heap   total 58368K, used 49261K [0x0000000083600000, 0x0000000100000000)
  region size 1024K, 24 young (24576K), 3 survivors (3072K)
 Metaspace       used 69360K, committed 70016K, reserved 1114112K
  class space    used 9393K, committed 9664K, reserved 1048576K
}
Event: 5.274 GC heap after
{Heap after GC invocations=17 (full 0):
 garbage-first heap   total 58368K, used 30549K [0x0000000083600000, 0x0000000100000000)
  region size 1024K, 3 young (3072K), 3 survivors (3072K)
 Metaspace       used 69360K, committed 70016K, reserved 1114112K
  class space    used 9393K, committed 9664K, reserved 1048576K
}
Event: 5.644 GC heap before
{Heap before GC invocations=17 (full 0):
 garbage-first heap   total 58368K, used 51029K [0x0000000083600000, 0x0000000100000000)
  region size 1024K, 23 young (23552K), 3 survivors (3072K)
 Metaspace       used 72237K, committed 72896K, reserved 1114112K
  class space    used 9791K, committed 10048K, reserved 1048576K
}
Event: 5.648 GC heap after
{Heap after GC invocations=18 (full 0):
 garbage-first heap   total 58368K, used 33446K [0x0000000083600000, 0x0000000100000000)
  region size 1024K, 3 young (3072K), 3 survivors (3072K)
 Metaspace       used 72237K, committed 72896K, reserved 1114112K
  class space    used 9791K, committed 10048K, reserved 1048576K
}

